<?xml version="1.0" encoding="UTF-8" standalone="no"?>
<testsuite errors="0" failures="0" name="io.cucumber.core.plugin.JUnitFormatter" skipped="0" tests="3" time="0.296">
    <testcase classname="feature to test login functionality" name="Check login is sucessful with valid credentials" time="0.043">
        <system-out>
            <![CDATA[Given user is on login page.................................................passed
When user enters username and password......................................passed
And clicks on login button..................................................passed
Then user is navigated to the home page.....................................passed
]]>
        </system-out>
    </testcase>
    <testcase classname="feature to test login functionality" name="Check login is successful with valid credentials" time="0.006">
        <system-out>
            <![CDATA[Given user is on login page.................................................passed
When user enters user1 and pass1............................................passed
And clicks on login button..................................................passed
Then user is navigated to the home page.....................................passed
]]>
        </system-out>
    </testcase>
    <testcase classname="feature to test login functionality" name="Check login is successful with valid credentials 2" time="0">
        <system-out>
            <![CDATA[Given user is on login page.................................................passed
When user enters user2 and pass2............................................passed
And clicks on login button..................................................passed
Then user is navigated to the home page.....................................passed
]]>
        </system-out>
    </testcase>
</testsuite>
